Log file open, 09/26/17 12:28:02
LogWindows: LoadLibraryWithSearchPaths failed for file aqProf.dll. GetLastError=0
LogWindows: LoadLibraryWithSearchPaths failed for file VtuneApi.dll. GetLastError=0
LogWindows: LoadLibraryWithSearchPaths failed for file VtuneApi32e.dll. GetLastError=0
LogInit: Display: Running engine for game: CollectionGame
LogPlatformFile: Not using cached read wrapper
LogInit: Display: RandInit(-1976018085) SRandInit(-1976018085).
LogTaskGraph: Started task graph with 5 named threads and 14 total threads with 3 sets of task threads.
LogStats: Stats thread started at 0.233742
LogD3D11RHI: Aftermath initialized
LogPluginManager: Mounting plugin Paper2D
LogPluginManager: Mounting plugin LightPropagationVolume
LogPluginManager: Mounting plugin CodeLiteSourceCodeAccess
LogPluginManager: Mounting plugin GitSourceControl
LogPluginManager: Mounting plugin KDevelopSourceCodeAccess
LogPluginManager: Mounting plugin NullSourceCodeAccess
LogPluginManager: Mounting plugin PerforceSourceControl
LogPluginManager: Mounting plugin SubversionSourceControl
LogPluginManager: Mounting plugin UObjectPlugin
LogPluginManager: Mounting plugin VisualStudioSourceCodeAccess
LogPluginManager: Mounting plugin XCodeSourceCodeAccess
LogPluginManager: Mounting plugin AssetManagerEditor
LogPluginManager: Mounting plugin AudioCapture
LogPluginManager: Mounting plugin FacialAnimation
LogPluginManager: Mounting plugin GameplayTagsEditor
LogPluginManager: Mounting plugin MobileLauncherProfileWizard
LogPluginManager: Mounting plugin PluginBrowser
LogPluginManager: Mounting plugin SpeedTreeImporter
LogPluginManager: Mounting plugin AlembicImporter
LogPluginManager: Mounting plugin CharacterAI
LogPluginManager: Mounting plugin HTML5Networking
LogPluginManager: Mounting plugin AndroidMedia
LogPluginManager: Mounting plugin AvfMedia
LogPluginManager: Mounting plugin MediaPlayerEditor
LogPluginManager: Mounting plugin WmfMedia
LogPluginManager: Mounting plugin TcpMessaging
LogPluginManager: Mounting plugin UdpMessaging
LogPluginManager: Mounting plugin LevelSequenceEditor
LogPluginManager: Mounting plugin MatineeToLevelSequence
LogPluginManager: Mounting plugin OnlineSubsystemGooglePlay
LogPluginManager: Mounting plugin OnlineSubsystemIOS
LogPluginManager: Mounting plugin OnlineSubsystem
LogPluginManager: Mounting plugin OnlineSubsystemNull
LogPluginManager: Mounting plugin OnlineSubsystemUtils
LogPluginManager: Mounting plugin AndroidDeviceProfileSelector
LogPluginManager: Mounting plugin AndroidMoviePlayer
LogPluginManager: Mounting plugin AndroidPermission
LogPluginManager: Mounting plugin AppleMoviePlayer
LogPluginManager: Mounting plugin ArchVisCharacter
LogPluginManager: Mounting plugin CableComponent
LogPluginManager: Mounting plugin CustomMeshComponent
LogPluginManager: Mounting plugin ExampleDeviceProfileSelector
LogPluginManager: Mounting plugin GoogleCloudMessaging
LogPluginManager: Mounting plugin ImmediatePhysics
LogPluginManager: Mounting plugin IOSDeviceProfileSelector
LogPluginManager: Mounting plugin LinuxDeviceProfileSelector
LogPluginManager: Mounting plugin LocationServicesBPLibrary
LogPluginManager: Mounting plugin MobilePatchingUtils
LogPluginManager: Mounting plugin OculusVR
LogPluginManager: Mounting plugin PhysXVehicles
LogPluginManager: Mounting plugin ProceduralMeshComponent
LogPluginManager: Mounting plugin RuntimePhysXCooking
LogPluginManager: Mounting plugin SteamVR
LogPluginManager: Mounting plugin WindowsMoviePlayer
LogInit: Using libcurl 7.47.1
LogInit:  - built for x86_64-pc-win32
LogInit:  - supports SSL with OpenSSL/1.0.2g
LogInit:  - supports HTTP deflate (compression) using libz 1.2.8
LogInit:  - other features:
LogInit:      CURL_VERSION_SSL
LogInit:      CURL_VERSION_LIBZ
LogInit:      CURL_VERSION_IPV6
LogInit:      CURL_VERSION_ASYNCHDNS
LogInit:      CURL_VERSION_LARGEFILE
LogInit:      CURL_VERSION_IDN
LogInit:  CurlRequestOptions (configurable via config and command line):
LogInit:  - bVerifyPeer = false  - Libcurl will NOT verify peer certificate
LogInit:  - bUseHttpProxy = false  - Libcurl will NOT use HTTP proxy
LogInit:  - bDontReuseConnections = false  - Libcurl will reuse connections
LogInit:  - CertBundlePath = nullptr  - Libcurl will use whatever was configured at build time.
LogInit: Build: ++UE4+Release-4.17-CL-3586342
LogInit: Engine Version: 4.17.1-3586342+++UE4+Release-4.17
LogInit: Compatible Engine Version: 4.17.0-3573198+++UE4+Release-4.17
LogInit: Net CL: 3573198
LogDevObjectVersion: Number of dev versions registered: 16
LogDevObjectVersion:   Dev-Blueprints (B0D832E4-1F89-4F0D-ACCF-7EB736FD4AA2): 10
LogDevObjectVersion:   Dev-Build (E1C64328-A22C-4D53-A36C-8E866417BD8C): 0
LogDevObjectVersion:   Dev-Core (375EC13C-06E4-48FB-B500-84F0262A717E): 2
LogDevObjectVersion:   Dev-Editor (E4B068ED-F494-42E9-A231-DA0B2E46BB41): 20
LogDevObjectVersion:   Dev-Framework (CFFC743F-43B0-4480-9391-14DF171D2073): 28
LogDevObjectVersion:   Dev-Mobile (B02B49B5-BB20-44E9-A304-32B752E40360): 0
LogDevObjectVersion:   Dev-Networking (A4E4105C-59A1-49B5-A7C5-40C4547EDFEE): 0
LogDevObjectVersion:   Dev-Online (39C831C9-5AE6-47DC-9A44-9C173E1C8E7C): 0
LogDevObjectVersion:   Dev-Physics (78F01B33-EBEA-4F98-B9B4-84EACCB95AA2): 0
LogDevObjectVersion:   Dev-Platform (6631380F-2D4D-43E0-8009-CF276956A95A): 0
LogDevObjectVersion:   Dev-Rendering (12F88B9F-8875-4AFC-A67C-D90C383ABD29): 19
LogDevObjectVersion:   Dev-Sequencer (7B5AE74C-D270-4C10-A958-57980B212A5A): 4
LogDevObjectVersion:   Dev-VR (D7296918-1DD6-4BDD-9DE2-64A83CC13884): 0
LogDevObjectVersion:   Dev-LoadTimes (C2A15278-BFE7-4AFE-6C17-90FF531DF755): 1
LogDevObjectVersion:   Private-Geometry (6EACA3D4-40EC-4CC1-B786-8BED09428FC5): 1
LogDevObjectVersion:   Dev-AnimPhys (29E575DD-E0A3-4627-9D10-D276232CDCEA): 7
LogInit: Compiled (64-bit): Aug 15 2017 02:05:26
LogInit: Compiled with Visual C++: 19.00.24215.01
LogInit: Build Configuration: Development
LogInit: Branch Name: ++UE4+Release-4.17
LogInit: Command line:  
LogInit: Base directory: C:/Program Files/Epic Games/UE_4.17/Engine/Binaries/Win64/
LogInit: Installed Engine Build: 1
LogInit: Presizing for max 8388607 objects, including 0 objects not considered by GC, pre-allocating 0 bytes for permanent pool.
LogInit: Object subsystem initialized
[2017.09.26-16.28.03:321][  0]LogInit: Selected Device Profile: [Windows]
[2017.09.26-16.28.03:321][  0]LogInit: Applying CVar settings loaded from the selected device profile: [Windows]
[2017.09.26-16.28.03:412][  0]LogInit: Computer: TRENZALORE
[2017.09.26-16.28.03:412][  0]LogInit: User: DebadeepSen
[2017.09.26-16.28.03:412][  0]LogInit: CPU Page size=4096, Cores=4
[2017.09.26-16.28.03:412][  0]LogInit: High frequency timer resolution =2.531253 MHz
[2017.09.26-16.28.03:413][  0]LogMemory: Memory total: Physical=15.9GB (16GB approx)
[2017.09.26-16.28.03:413][  0]LogMemory: Platform Memory Stats for Windows
[2017.09.26-16.28.03:413][  0]LogMemory: Process Physical Memory: 278.43 MB used, 278.43 MB peak
[2017.09.26-16.28.03:413][  0]LogMemory: Process Virtual Memory: 274.22 MB used, 274.22 MB peak
[2017.09.26-16.28.03:413][  0]LogMemory: Physical Memory: 7261.37 MB used,  9021.16 MB free, 16282.52 MB total
[2017.09.26-16.28.03:413][  0]LogMemory: Virtual Memory: 669.04 MB used,  9021.16 MB free, 134217728.00 MB total
[2017.09.26-16.28.04:061][  0]LogInit: Using OS detected language (en-US).
[2017.09.26-16.28.04:061][  0]LogInit: Using OS detected locale (en-US).
[2017.09.26-16.28.04:173][  0]LogTextLocalizationManager: No specific localization for 'en-US' exists, so the 'en' localization will be used.
[2017.09.26-16.28.07:528][  0]LogD3D11RHI: D3D11 adapters:
[2017.09.26-16.28.07:561][  0]LogD3D11RHI:    0. 'NVIDIA GeForce GTX 960M' (Feature Level 11_0)
[2017.09.26-16.28.07:561][  0]LogD3D11RHI:       2018/0/8141 MB DedicatedVideo/DedicatedSystem/SharedSystem, Outputs:1, VendorId:0x10de
[2017.09.26-16.28.07:570][  0]LogD3D11RHI:    1. 'Intel(R) HD Graphics 530' (Feature Level 11_0)
[2017.09.26-16.28.07:570][  0]LogD3D11RHI:       128/0/8141 MB DedicatedVideo/DedicatedSystem/SharedSystem, Outputs:0, VendorId:0x8086
[2017.09.26-16.28.07:572][  0]LogD3D11RHI:    2. 'Microsoft Basic Render Driver' (Feature Level 11_0)
[2017.09.26-16.28.07:572][  0]LogD3D11RHI:       0/0/8141 MB DedicatedVideo/DedicatedSystem/SharedSystem, Outputs:0, VendorId:0x1414
[2017.09.26-16.28.07:572][  0]LogD3D11RHI: Chosen D3D11 Adapter: 0
[2017.09.26-16.28.07:579][  0]LogD3D11RHI: Creating new Direct3DDevice
[2017.09.26-16.28.07:579][  0]LogD3D11RHI:     GPU DeviceId: 0x139b (for the marketing name, search the web for "GPU Device Id")
[2017.09.26-16.28.07:579][  0]LogWindows: EnumDisplayDevices:
[2017.09.26-16.28.07:579][  0]LogWindows:    0. 'Intel(R) HD Graphics 530' (P:1 D:1)
[2017.09.26-16.28.07:580][  0]LogWindows:    1. 'Intel(R) HD Graphics 530' (P:0 D:0)
[2017.09.26-16.28.07:580][  0]LogWindows:    2. 'Intel(R) HD Graphics 530' (P:0 D:0)
[2017.09.26-16.28.07:580][  0]LogWindows: DebugString: PrimaryIsNotTheChoosenAdapter PrimaryIsNotTheChoosenAdapter PrimaryIsNotTheChoosenAdapter FoundDriverCount:0 
[2017.09.26-16.28.07:580][  0]LogD3D11RHI:     Adapter Name: NVIDIA GeForce GTX 960M
[2017.09.26-16.28.07:580][  0]LogD3D11RHI:   Driver Version: Unknown (internal:Unknown, unified:Unknown)
[2017.09.26-16.28.07:580][  0]LogD3D11RHI:      Driver Date: Unknown
[2017.09.26-16.28.07:580][  0]LogRHI: Texture pool is 1361 MB (70% of 1945 MB)
[2017.09.26-16.28.07:600][  0]LogD3D11RHI: Async texture creation enabled
[2017.09.26-16.28.07:613][  0]LogD3D11RHI: GPU Timing Frequency: 1000.000000 (Debug: 2 1)
[2017.09.26-16.28.07:614][  0]LogShaderCompilers: Guid format shader working directory is -25 characters bigger than the processId version (../../../../../../Users/Debadeep Sen/Documents/Unreal Projects/CollectionGame/Intermediate/Shaders/WorkingDirectory/16348/).
[2017.09.26-16.28.07:614][  0]LogShaderCompilers: Cleaned the shader compiler working directory 'C:/Users/Debadeep Sen/AppData/Local/Temp/UnrealShaderWorkingDir/7993E8D64F58157F73C54E82D0459076/'.
[2017.09.26-16.28.07:614][  0]LogShaderCompilers: Display: Using Local Shader Compiler.
[2017.09.26-16.28.09:396][  0]LogTemp: Display: Loaded TP AllDesktopTargetPlatform
[2017.09.26-16.28.09:471][  0]LogTemp: Display: Loaded TP MacClientTargetPlatform
[2017.09.26-16.28.09:575][  0]LogTemp: Display: Loaded TP MacNoEditorTargetPlatform
[2017.09.26-16.28.09:665][  0]LogTemp: Display: Loaded TP MacServerTargetPlatform
[2017.09.26-16.28.09:759][  0]LogTemp: Display: Loaded TP MacTargetPlatform
[2017.09.26-16.28.09:836][  0]LogTemp: Display: Loaded TP WindowsClientTargetPlatform
[2017.09.26-16.28.09:912][  0]LogTemp: Display: Loaded TP WindowsNoEditorTargetPlatform
[2017.09.26-16.28.09:984][  0]LogTemp: Display: Loaded TP WindowsServerTargetPlatform
[2017.09.26-16.28.10:055][  0]LogTemp: Display: Loaded TP WindowsTargetPlatform
[2017.09.26-16.28.10:149][  0]LogTemp: Display: Loaded TP AndroidTargetPlatform
[2017.09.26-16.28.10:229][  0]LogTemp: Display: Loaded TP Android_ASTCTargetPlatform
[2017.09.26-16.28.10:306][  0]LogTemp: Display: Loaded TP Android_ATCTargetPlatform
[2017.09.26-16.28.10:371][  0]LogTemp: Display: Loaded TP Android_DXTTargetPlatform
[2017.09.26-16.28.10:448][  0]LogTemp: Display: Loaded TP Android_ETC1TargetPlatform
[2017.09.26-16.28.10:523][  0]LogTemp: Display: Loaded TP Android_ETC2TargetPlatform
[2017.09.26-16.28.10:661][  0]LogTemp: Display: Loaded TP Android_MultiTargetPlatform
[2017.09.26-16.28.10:661][  0]LogTemp: Display: Loaded TP Android_PVRTCTargetPlatform
[2017.09.26-16.28.10:730][  0]LogTemp: Display: Loaded TP HTML5TargetPlatform
[2017.09.26-16.28.10:926][  0]LogTemp: Display: Loaded TP IOSTargetPlatform
[2017.09.26-16.28.10:977][  0]LogTemp: Display: Loaded TP TVOSTargetPlatform
[2017.09.26-16.28.11:093][  0]LogTemp: Display: Loaded TP LinuxClientTargetPlatform
[2017.09.26-16.28.11:230][  0]LogTemp: Display: Loaded TP LinuxNoEditorTargetPlatform
[2017.09.26-16.28.11:303][  0]LogTemp: Display: Loaded TP LinuxServerTargetPlatform
[2017.09.26-16.28.11:390][  0]LogTemp: Display: Loaded TP LinuxTargetPlatform
[2017.09.26-16.28.11:391][  0]LogTargetPlatformManager: Display: Building Assets For Windows
[2017.09.26-16.28.12:745][  0]LogDerivedDataCache: Display: Max Cache Size: 512 MB
[2017.09.26-16.28.14:155][  0]LogDerivedDataCache: Loaded boot cache 1.41s 93MB C:/Users/Debadeep Sen/AppData/Local/UnrealEngine/4.17/DerivedDataCache/Boot.ddc.
[2017.09.26-16.28.14:155][  0]LogDerivedDataCache: Display: Loaded Boot cache: C:/Users/Debadeep Sen/AppData/Local/UnrealEngine/4.17/DerivedDataCache/Boot.ddc
[2017.09.26-16.28.14:155][  0]LogDerivedDataCache: FDerivedDataBackendGraph:  Pak pak cache file ../../../../../../Users/Debadeep Sen/Documents/Unreal Projects/CollectionGame/DerivedDataCache/DDC.ddp not found, will not use a pak cache.
[2017.09.26-16.28.14:155][  0]LogDerivedDataCache: Unable to find inner node Pak for hierarchical cache Hierarchy.
[2017.09.26-16.28.14:155][  0]LogDerivedDataCache: FDerivedDataBackendGraph:  CompressedPak pak cache file ../../../../../../Users/Debadeep Sen/Documents/Unreal Projects/CollectionGame/DerivedDataCache/Compressed.ddp not found, will not use a pak cache.
[2017.09.26-16.28.14:155][  0]LogDerivedDataCache: Unable to find inner node CompressedPak for hierarchical cache Hierarchy.
[2017.09.26-16.28.14:258][  0]LogDerivedDataCache: Display: Pak cache opened for reading ../../../Engine/DerivedDataCache/Compressed.ddp.
[2017.09.26-16.28.14:273][  0]LogDerivedDataCache: Using Local data cache path C:/Users/Debadeep Sen/AppData/Local/UnrealEngine/Common/DerivedDataCache: Writable
[2017.09.26-16.28.14:283][  0]LogMaterial: Verifying Global Shaders for PCD3D_SM5
[2017.09.26-16.28.14:295][  0]LogSlate: Using Freetype 2.6.0
[2017.09.26-16.28.14:345][  0]LogSlate: SlateFontCache - WITH_FREETYPE: 1, WITH_HARFBUZZ: 1
[2017.09.26-16.28.14:345][  0]LogSlate: SlateFontCache - WITH_FREETYPE: 1, WITH_HARFBUZZ: 1
[2017.09.26-16.28.22:948][  0]LogAssetRegistry: FAssetRegistry took 0.0369 seconds to start up
[2017.09.26-16.28.23:757][  0]LogInit: Selected Device Profile: [Windows]
[2017.09.26-16.28.25:575][  0]LogContentStreaming: Texture pool size is 0.00 MB
[2017.09.26-16.28.27:883][  0]LogSimplygon: Simplygon DLL not present - disabling.
[2017.09.26-16.28.27:991][  0]LogMeshReduction: Using SimplygonSwarm for distributed automatic mesh merging
[2017.09.26-16.28.27:991][  0]LogMeshReduction: Using QuadricMeshReduction for automatic static mesh reduction
[2017.09.26-16.28.27:991][  0]LogMeshReduction: No automatic skeletal mesh reduction module available
[2017.09.26-16.28.27:991][  0]LogMeshReduction: No automatic mesh merging module available
[2017.09.26-16.28.27:991][  0]LogMeshMerging: No automatic mesh merging module available
[2017.09.26-16.28.29:870][  0]LogNetVersion: CollectionGame , NetCL: 3573198, EngineNetVer: 2, GameNetVer: 0 (Checksum: 310564707)
[2017.09.26-16.28.30:687][  0]LogPackageLocalizationCache: Processed 5 localized package path(s) for 2 prioritized culture(s) in 0.119659 seconds
[2017.09.26-16.28.30:693][  0]LogUObjectArray: 35825 objects as part of root set at end of initial load.
[2017.09.26-16.28.30:693][  0]LogUObjectAllocator: 7529112 out of 0 bytes used by permanent object pool.
[2017.09.26-16.28.30:693][  0]LogUObjectArray: CloseDisregardForGC: 0/0 objects in disregard for GC pool
[2017.09.26-16.28.30:828][  0]LogInit: WinSock: version 1.1 (2.2), MaxSocks=32767, MaxUdp=65467
[2017.09.26-16.28.57:339][  0]LogTcpMessaging: Initializing TcpMessaging bridge
[2017.09.26-16.28.57:407][  0]LogUdpMessaging: Initializing bridge on interface 0.0.0.0:0 to multicast group 230.0.0.1:6666.
[2017.09.26-16.28.58:958][  0]LogMaterial: Uniform references updated for custom material expression Custom.
[2017.09.26-16.28.59:731][  0]SourceControl: Source control is disabled
[2017.09.26-16.28.59:732][  0]SourceControl: Source control is disabled
[2017.09.26-16.28.59:939][  0]SourceControl: Source control is disabled
[2017.09.26-16.29.00:054][  0]SourceControl: Source control is disabled
[2017.09.26-16.29.01:556][  0]LogAndroidPermission: UAndroidPermissionCallbackProxy::GetInstance
[2017.09.26-16.29.01:965][  0]LogOcInput: OculusInput pre-init called
[2017.09.26-16.29.02:710][  0]LogEngine: Initializing Engine...
[2017.09.26-16.29.02:731][  0]LogHMD: Failed to initialize OpenVR with code 110
[2017.09.26-16.29.03:054][  0]LogStats: UGameplayTagsManager::ConstructGameplayTagTree: Construct from data asset -  0.000 s
[2017.09.26-16.29.03:055][  0]LogStats: UGameplayTagsManager::ConstructGameplayTagTree: GameplayTagTreeChangedEvent.Broadcast -  0.000 s
[2017.09.26-16.29.03:314][  0]LogAIModule: Creating AISystem for world Untitled
[2017.09.26-16.29.03:378][  0]LogInit: XAudio2 using 'Speakers (Conexant SmartAudio HD)' : 2 channels at 48 kHz using 32 bits per sample (channel mask 0x3)
[2017.09.26-16.29.03:519][  0]LogInit: FAudioDevice initialized.
[2017.09.26-16.29.03:814][  0]LogDerivedDataCache: Saved boot cache 0.27s 93MB C:/Users/Debadeep Sen/AppData/Local/UnrealEngine/4.17/DerivedDataCache/Boot.ddc.
[2017.09.26-16.29.03:914][  0]LogInit: Texture streaming: Enabled
[2017.09.26-16.29.04:195][  0]LogEngineSessionManager: EngineSessionManager initialized
[2017.09.26-16.29.04:830][  0]LogInit: Transaction tracking system initialized
[2017.09.26-16.29.05:694][  0]BlueprintLog: New page: Editor Load
[2017.09.26-16.29.08:324][  0]LocalizationService: Localization service is disabled
[2017.09.26-16.29.10:940][  0]LogConsoleResponse: Display: 
[2017.09.26-16.29.13:224][  0]LogFileCache: Scanning file cache for directory 'C:/Users/Debadeep Sen/Documents/Unreal Projects/CollectionGame/Content/' took 0.02s
[2017.09.26-16.29.13:224][  0]LogCook: Display: Max memory allowance for cook 16384mb min free memory 0mb
[2017.09.26-16.29.13:224][  0]LogCook: Display: Mobile HDR setting 1
[2017.09.26-16.29.13:224][  0]LogGameplayTags: Display: UGameplayTagsManager::DoneAddingNativeTags. DelegateIsBound: 0
[2017.09.26-16.29.17:063][  0]SourceControl: Source control is disabled
[2017.09.26-16.29.17:122][  0]Cmd: MAP LOAD FILE="../../../../../../Users/Debadeep Sen/Documents/Unreal Projects/CollectionGame/Content/ThirdPersonBP/Maps/ThirdPersonExampleMap.umap" TEMPLATE=0 SHOWPROGRESS=1 FEATURELEVEL=3
[2017.09.26-16.29.17:132][  0]LightingResults: New page: Lighting Build
[2017.09.26-16.29.17:250][  0]MapCheck: New page: Map Check
[2017.09.26-16.29.17:250][  0]LightingResults: New page: Lighting Build
[2017.09.26-16.29.20:353][  0]LogAIModule: Creating AISystem for world ThirdPersonExampleMap
[2017.09.26-16.29.20:600][  0]LogEditorServer: Finished looking for orphan Actors (0.000 secs)
[2017.09.26-16.29.20:626][  0]Cmd: MAP CHECKDEP NOCLEARLOG
[2017.09.26-16.29.20:704][  0]MapCheck: Map check complete: 0 Error(s), 0 Warning(s), took 77.536ms to complete.
[2017.09.26-16.29.20:704][  0]LogFileHelpers: Loading map 'ThirdPersonExampleMap' took 3.582
[2017.09.26-16.29.21:329][  0]LogCollectionManager: Loaded 0 collections in 0.001939 seconds
[2017.09.26-16.29.21:467][  0]LogFileCache: Scanning file cache for directory 'C:/Users/Debadeep Sen/Documents/Unreal Projects/CollectionGame/Saved/Collections/' took 0.01s
[2017.09.26-16.29.21:467][  0]LogFileCache: Scanning file cache for directory 'C:/Users/Debadeep Sen/Documents/Unreal Projects/CollectionGame/Content/Developers/DebadeepSen/Collections/' took 0.01s
[2017.09.26-16.29.21:467][  0]LogFileCache: Scanning file cache for directory 'C:/Users/Debadeep Sen/Documents/Unreal Projects/CollectionGame/Content/Collections/' took 0.01s
[2017.09.26-16.29.21:467][  0]LogCollectionManager: Rebuilt the GUID cache for 0 collections in 0.000000 seconds
[2017.09.26-16.29.21:476][  0]LogContentBrowser: Native class hierarchy populated in 0.0091 seconds. Added 2386 classes and 500 folders.
[2017.09.26-16.29.21:579][  0]LogContentBrowser: Native class hierarchy updated for 'WidgetCarousel' in 0.0008 seconds. Added 0 classes and 0 folders.
[2017.09.26-16.29.22:430][  0]LogContentBrowser: Native class hierarchy updated for 'AddContentDialog' in 0.0022 seconds. Added 0 classes and 0 folders.
[2017.09.26-16.29.22:535][  0]LogContentBrowser: Native class hierarchy updated for 'SceneOutliner' in 0.0009 seconds. Added 1 classes and 2 folders.
[2017.09.26-16.29.25:353][  0]LogSlate: Took 0.041095 seconds to synchronously load lazily loaded font '../../../Engine/Content/Slate/Fonts/Roboto-Regular.ttf' (155K)
[2017.09.26-16.29.25:378][  0]LogSlate: Took 0.022272 seconds to synchronously load lazily loaded font '../../../Engine/Content/Slate/Fonts/Roboto-Bold.ttf' (160K)
[2017.09.26-16.29.25:405][  0]LogSlate: Took 0.022018 seconds to synchronously load lazily loaded font '../../../Engine/Content/Editor/Slate/Fonts/FontAwesome.ttf' (139K)
[2017.09.26-16.29.25:696][  0]LogRenderer: Reallocating scene render targets to support 908x420 Format 10 NumSamples 1 (Frame:1).
[2017.09.26-16.29.26:429][  0]LogTemp: Executing iPhonePackager certificates Engine -bundlename com.YourCompany.CollectionGame
[2017.09.26-16.29.26:429][  0]LogTemp: CWD: C:\Program Files\Epic Games\UE_4.17\Engine\Binaries\DotNET\IOS
[2017.09.26-16.29.26:429][  0]LogTemp: Initial Dir: C:\Program Files\Epic Games\UE_4.17
[2017.09.26-16.29.26:429][  0]LogTemp: Env CWD: C:\Program Files\Epic Games\UE_4.17\Engine\Binaries\DotNET\IOS
[2017.09.26-16.29.26:430][  0]LogTemp: BranchPath = TRENZALORE/C/Program Files/Epic Games/UE_4.17/Engine/Binaries --- GameBranchPath = TRENZALORE/C/Program Files/Epic Games/UE_4.17/Engine/Binaries
[2017.09.26-16.29.26:430][  0]LogTemp: IPP ERROR: Could not find provision directory 'C:\Users\Debadeep Sen\AppData\Local/Apple Computer/MobileDevice/Provisioning Profiles/'.
[2017.09.26-16.29.26:584][  0]LogContentBrowser: Native class hierarchy updated for 'HierarchicalLODOutliner' in 0.0009 seconds. Added 1 classes and 2 folders.
[2017.09.26-16.29.26:585][  0]LogLoad: (Engine Initialization) Total time: 88.43 seconds
[2017.09.26-16.29.26:585][  0]LogLoad: (Engine Initialization) Total Blueprint compile time: 0.00 seconds
[2017.09.26-16.29.26:596][  0]LogExternalProfiler: Found external profiler: VSPerf
[2017.09.26-16.29.26:596][  0]LogExternalProfiler: Using external profiler: VSPerf
[2017.09.26-16.29.26:619][  0]LogWindowsTextInputMethodSystem: Display: IME system now deactivated.
[2017.09.26-16.29.26:700][  0]LogContentStreaming: Texture pool size now 1000 MB
[2017.09.26-16.29.26:837][  0]LogSlate: Took 0.012847 seconds to synchronously load lazily loaded font '../../../Engine/Content/Slate/Fonts/Roboto-Light.ttf' (159K)
[2017.09.26-16.29.26:893][  1]LogAssetRegistry: Asset discovery search completed in 63.9667 seconds
[2017.09.26-16.29.26:895][  1]LogCollectionManager: Rebuilt the object cache for 0 collections in 0.000001 seconds (found 0 objects)
[2017.09.26-16.29.26:895][  1]LogCollectionManager: Fixed up redirectors for 0 collections in 0.000039 seconds (updated 0 objects)
[2017.09.26-16.29.27:712][ 38]LogSlate: Took 0.000308 seconds to synchronously load lazily loaded font '../../../Engine/Content/Slate/Fonts/Roboto-Light.ttf' (159K)
[2017.09.26-17.21.14:293][851]LogTemp: Repeating last play command: New Editor Window (PIE)
[2017.09.26-17.21.16:571][851]LogBlueprintUserMessages: Early PlayInEditor Detection: Level '/Game/ThirdPersonBP/Maps/ThirdPersonExampleMap.ThirdPersonExampleMap:PersistentLevel' has LevelScriptBlueprint '/Game/ThirdPersonBP/Maps/ThirdPersonExampleMap.ThirdPersonExampleMap:PersistentLevel.ThirdPersonExampleMap' with GeneratedClass '/Game/ThirdPersonBP/Maps/ThirdPersonExampleMap.ThirdPersonExampleMap_C' with ClassGeneratedBy '/Game/ThirdPersonBP/Maps/ThirdPersonExampleMap.ThirdPersonExampleMap:PersistentLevel.ThirdPersonExampleMap'
[2017.09.26-17.21.16:571][851]LogPlayLevel: PlayLevel: No blueprints needed recompiling
[2017.09.26-17.21.16:572][851]PIE: New page: PIE session: ThirdPersonExampleMap (Sep 26, 2017, 9:21:16 AM)
[2017.09.26-17.21.16:572][851]LogPlayLevel: Creating play world package: /Game/ThirdPersonBP/Maps/UEDPIE_0_ThirdPersonExampleMap
[2017.09.26-17.21.16:596][851]LogPlayLevel: PIE: StaticDuplicateObject took: (0.024064s)
[2017.09.26-17.21.16:597][851]LogAIModule: Creating AISystem for world ThirdPersonExampleMap
[2017.09.26-17.21.16:597][851]LogPlayLevel: PIE: World Init took: (0.001133s)
[2017.09.26-17.21.16:597][851]LogPlayLevel: PIE: Created PIE world by copying editor world from /Game/ThirdPersonBP/Maps/ThirdPersonExampleMap.ThirdPersonExampleMap to /Game/ThirdPersonBP/Maps/UEDPIE_0_ThirdPersonExampleMap.ThirdPersonExampleMap (0.025618s)
[2017.09.26-17.21.16:610][851]LogInit: XAudio2 using 'Speakers (Conexant SmartAudio HD)' : 2 channels at 48 kHz using 32 bits per sample (channel mask 0x3)
[2017.09.26-17.21.16:643][851]LogInit: FAudioDevice initialized.
[2017.09.26-17.21.16:698][851]LogLoad: Game class is 'ThirdPersonGameMode_C'
[2017.09.26-17.21.16:703][851]LogWorld: Bringing World /Game/ThirdPersonBP/Maps/UEDPIE_0_ThirdPersonExampleMap.ThirdPersonExampleMap up for play (max tick rate 60) at 2017.09.26-13.21.16
[2017.09.26-17.21.16:703][851]LogWorld: Bringing up level for play took: 0.003294
[2017.09.26-17.21.16:757][851]LogContentBrowser: Native class hierarchy updated for 'MovieSceneCapture' in 0.0009 seconds. Added 11 classes and 0 folders.
[2017.09.26-17.21.16:763][851]PIE: Play in editor start time for /Game/ThirdPersonBP/Maps/UEDPIE_0_ThirdPersonExampleMap 0.627
[2017.09.26-17.21.16:764][851]LogBlueprintUserMessages: Late PlayInEditor Detection: Level '/Game/ThirdPersonBP/Maps/ThirdPersonExampleMap.ThirdPersonExampleMap:PersistentLevel' has LevelScriptBlueprint '/Game/ThirdPersonBP/Maps/ThirdPersonExampleMap.ThirdPersonExampleMap:PersistentLevel.ThirdPersonExampleMap' with GeneratedClass '/Game/ThirdPersonBP/Maps/ThirdPersonExampleMap.ThirdPersonExampleMap_C' with ClassGeneratedBy '/Game/ThirdPersonBP/Maps/ThirdPersonExampleMap.ThirdPersonExampleMap:PersistentLevel.ThirdPersonExampleMap'
[2017.09.26-17.21.16:798][851]LogRenderer: Reallocating scene render targets to support 1292x756 Format 10 NumSamples 1 (Frame:1).
[2017.09.26-17.21.26:609][432]LogBlueprintUserMessages: Early EndPlayMap Detection: Level '/Game/ThirdPersonBP/Maps/ThirdPersonExampleMap.ThirdPersonExampleMap:PersistentLevel' has LevelScriptBlueprint '/Game/ThirdPersonBP/Maps/ThirdPersonExampleMap.ThirdPersonExampleMap:PersistentLevel.ThirdPersonExampleMap' with GeneratedClass '/Game/ThirdPersonBP/Maps/ThirdPersonExampleMap.ThirdPersonExampleMap_C' with ClassGeneratedBy '/Game/ThirdPersonBP/Maps/ThirdPersonExampleMap.ThirdPersonExampleMap:PersistentLevel.ThirdPersonExampleMap'
[2017.09.26-17.21.26:657][432]LogBlueprintUserMessages: Late EndPlayMap Detection: Level '/Game/ThirdPersonBP/Maps/ThirdPersonExampleMap.ThirdPersonExampleMap:PersistentLevel' has LevelScriptBlueprint '/Game/ThirdPersonBP/Maps/ThirdPersonExampleMap.ThirdPersonExampleMap:PersistentLevel.ThirdPersonExampleMap' with GeneratedClass '/Game/ThirdPersonBP/Maps/ThirdPersonExampleMap.ThirdPersonExampleMap_C' with ClassGeneratedBy '/Game/ThirdPersonBP/Maps/ThirdPersonExampleMap.ThirdPersonExampleMap:PersistentLevel.ThirdPersonExampleMap'
[2017.09.26-17.21.29:101][578]LogEditorViewport: Clicking on Actor (LMB): PostProcessVolume (PostProcessVolume)
[2017.09.26-17.21.31:030][688]LogEditorViewport: Clicking on Actor (LMB): Tubelight_C (Tubelight)
[2017.09.26-17.21.37:358][ 65]LogSlate: Took 0.000190 seconds to synchronously load lazily loaded font '../../../Engine/Content/Slate/Fonts/Roboto-Light.ttf' (159K)
[2017.09.26-17.21.37:786][ 65]LogContentBrowser: Native class hierarchy updated for 'BlueprintGraph' in 0.0011 seconds. Added 113 classes and 0 folders.
[2017.09.26-17.21.38:712][ 65]LogSlate: Took 0.020953 seconds to synchronously load lazily loaded font '../../../Engine/Content/Editor/Slate/Fonts/Roboto-BoldCondensed.ttf' (158K)
[2017.09.26-17.21.46:602][533]LogSlate: Took 0.021034 seconds to synchronously load lazily loaded font '../../../Engine/Content/Editor/Slate/Fonts/Roboto-Italic.ttf' (157K)
[2017.09.26-17.22.01:927][443]LogSlate: Took 0.021211 seconds to synchronously load lazily loaded font '../../../Engine/Content/Editor/Slate/Fonts/Roboto-BoldCondensedItalic.ttf' (160K)
[2017.09.26-17.24.20:353][702]BlueprintLog: New page: Compile Tubelight
[2017.09.26-17.25.16:621][ 20]BlueprintLog: New page: Compile Tubelight
[2017.09.26-17.25.58:604][496]LogEditorViewport: Clicking on Actor (LMB): Tubelight_C (Tubelight2)
[2017.09.26-17.26.07:828][ 47]LogEditorViewport: Clicking on Actor (LMB): Tubelight_C (Tubelight)
[2017.09.26-17.26.24:358][ 36]LogEditorViewport: Clicking on Actor (LMB): StaticMeshActor (Wall15)
[2017.09.26-17.26.25:160][ 81]LogEditorViewport: Clicking on Actor (LMB): StaticMeshActor (Floor)
[2017.09.26-17.26.28:623][286]LogEditorViewport: Clicking on Actor (LMB): StaticMeshActor (Floor)
[2017.09.26-17.26.29:254][323]LogEditorViewport: Clicking on Actor (LMB): Tubelight_C (Tubelight2)
[2017.09.26-17.26.51:188][635]LogEditorViewport: Clicking on Actor (LMB): Tubelight_C (Tubelight5)
[2017.09.26-17.26.58:877][ 94]LogEditorViewport: Clicking on Actor (LMB): Tubelight_C (Tubelight4)
[2017.09.26-17.27.13:554][972]LogEditorViewport: Clicking on Actor (LMB): Tubelight_C (Tubelight6)
[2017.09.26-17.27.14:367][ 19]LogEditorViewport: Clicking on Actor (LMB): StaticMeshActor (Floor2)
[2017.09.26-17.27.15:184][ 65]LogEditorViewport: Clicking on Actor (LMB): StaticMeshActor (Floor2)
[2017.09.26-17.27.15:948][110]LogEditorViewport: Clicking on Actor (LMB): StaticMeshActor (Wall20)
[2017.09.26-17.27.28:580][864]LogEditorViewport: Clicking on Actor (LMB): Tubelight_C (Tubelight6)
[2017.09.26-17.27.40:860][597]LogEditorViewport: Clicking on Actor (LMB): StaticMeshActor (Wall10)
[2017.09.26-17.27.41:978][661]LogEditorViewport: Clicking on Actor (LMB): Tubelight_C (Tubelight3)
[2017.09.26-17.27.49:539][112]LogTemp: Repeating last play command: New Editor Window (PIE)
[2017.09.26-17.27.49:573][112]LogBlueprintUserMessages: Early PlayInEditor Detection: Level '/Game/ThirdPersonBP/Maps/ThirdPersonExampleMap.ThirdPersonExampleMap:PersistentLevel' has LevelScriptBlueprint '/Game/ThirdPersonBP/Maps/ThirdPersonExampleMap.ThirdPersonExampleMap:PersistentLevel.ThirdPersonExampleMap' with GeneratedClass '/Game/ThirdPersonBP/Maps/ThirdPersonExampleMap.ThirdPersonExampleMap_C' with ClassGeneratedBy '/Game/ThirdPersonBP/Maps/ThirdPersonExampleMap.ThirdPersonExampleMap:PersistentLevel.ThirdPersonExampleMap'
[2017.09.26-17.27.49:573][112]LogPlayLevel: PlayLevel: No blueprints needed recompiling
[2017.09.26-17.27.49:574][112]PIE: New page: PIE session: ThirdPersonExampleMap (Sep 26, 2017, 9:27:49 AM)
[2017.09.26-17.27.49:574][112]LogPlayLevel: Creating play world package: /Game/ThirdPersonBP/Maps/UEDPIE_0_ThirdPersonExampleMap
[2017.09.26-17.27.49:598][112]LogPlayLevel: PIE: StaticDuplicateObject took: (0.024672s)
[2017.09.26-17.27.49:599][112]LogAIModule: Creating AISystem for world ThirdPersonExampleMap
[2017.09.26-17.27.49:600][112]LogPlayLevel: PIE: World Init took: (0.001345s)
[2017.09.26-17.27.49:600][112]LogPlayLevel: PIE: Created PIE world by copying editor world from /Game/ThirdPersonBP/Maps/ThirdPersonExampleMap.ThirdPersonExampleMap to /Game/ThirdPersonBP/Maps/UEDPIE_0_ThirdPersonExampleMap.ThirdPersonExampleMap (0.026439s)
[2017.09.26-17.27.49:631][112]LogInit: XAudio2 using 'Speakers (Conexant SmartAudio HD)' : 2 channels at 48 kHz using 32 bits per sample (channel mask 0x3)
[2017.09.26-17.27.49:667][112]LogInit: FAudioDevice initialized.
[2017.09.26-17.27.49:712][112]LogLoad: Game class is 'ThirdPersonGameMode_C'
[2017.09.26-17.27.49:716][112]LogWorld: Bringing World /Game/ThirdPersonBP/Maps/UEDPIE_0_ThirdPersonExampleMap.ThirdPersonExampleMap up for play (max tick rate 60) at 2017.09.26-13.27.49
[2017.09.26-17.27.49:717][112]LogWorld: Bringing up level for play took: 0.003384
[2017.09.26-17.27.49:721][112]PIE: Play in editor start time for /Game/ThirdPersonBP/Maps/UEDPIE_0_ThirdPersonExampleMap -0.415
[2017.09.26-17.27.49:722][112]LogBlueprintUserMessages: Late PlayInEditor Detection: Level '/Game/ThirdPersonBP/Maps/ThirdPersonExampleMap.ThirdPersonExampleMap:PersistentLevel' has LevelScriptBlueprint '/Game/ThirdPersonBP/Maps/ThirdPersonExampleMap.ThirdPersonExampleMap:PersistentLevel.ThirdPersonExampleMap' with GeneratedClass '/Game/ThirdPersonBP/Maps/ThirdPersonExampleMap.ThirdPersonExampleMap_C' with ClassGeneratedBy '/Game/ThirdPersonBP/Maps/ThirdPersonExampleMap.ThirdPersonExampleMap:PersistentLevel.ThirdPersonExampleMap'
[2017.09.26-17.28.02:590][875]LogBlueprintUserMessages: Early EndPlayMap Detection: Level '/Game/ThirdPersonBP/Maps/ThirdPersonExampleMap.ThirdPersonExampleMap:PersistentLevel' has LevelScriptBlueprint '/Game/ThirdPersonBP/Maps/ThirdPersonExampleMap.ThirdPersonExampleMap:PersistentLevel.ThirdPersonExampleMap' with GeneratedClass '/Game/ThirdPersonBP/Maps/ThirdPersonExampleMap.ThirdPersonExampleMap_C' with ClassGeneratedBy '/Game/ThirdPersonBP/Maps/ThirdPersonExampleMap.ThirdPersonExampleMap:PersistentLevel.ThirdPersonExampleMap'
[2017.09.26-17.28.02:650][875]LogBlueprintUserMessages: Late EndPlayMap Detection: Level '/Game/ThirdPersonBP/Maps/ThirdPersonExampleMap.ThirdPersonExampleMap:PersistentLevel' has LevelScriptBlueprint '/Game/ThirdPersonBP/Maps/ThirdPersonExampleMap.ThirdPersonExampleMap:PersistentLevel.ThirdPersonExampleMap' with GeneratedClass '/Game/ThirdPersonBP/Maps/ThirdPersonExampleMap.ThirdPersonExampleMap_C' with ClassGeneratedBy '/Game/ThirdPersonBP/Maps/ThirdPersonExampleMap.ThirdPersonExampleMap:PersistentLevel.ThirdPersonExampleMap'
[2017.09.26-17.28.04:982][ 11]LogEditorViewport: Clicking on Actor (LMB): Collectible_Safe_C (Collectible_Safe)
[2017.09.26-17.28.32:481][633]LogTemp: Repeating last play command: New Editor Window (PIE)
[2017.09.26-17.28.32:514][633]LogBlueprintUserMessages: Early PlayInEditor Detection: Level '/Game/ThirdPersonBP/Maps/ThirdPersonExampleMap.ThirdPersonExampleMap:PersistentLevel' has LevelScriptBlueprint '/Game/ThirdPersonBP/Maps/ThirdPersonExampleMap.ThirdPersonExampleMap:PersistentLevel.ThirdPersonExampleMap' with GeneratedClass '/Game/ThirdPersonBP/Maps/ThirdPersonExampleMap.ThirdPersonExampleMap_C' with ClassGeneratedBy '/Game/ThirdPersonBP/Maps/ThirdPersonExampleMap.ThirdPersonExampleMap:PersistentLevel.ThirdPersonExampleMap'
[2017.09.26-17.28.32:514][633]LogPlayLevel: PlayLevel: No blueprints needed recompiling
[2017.09.26-17.28.32:514][633]PIE: New page: PIE session: ThirdPersonExampleMap (Sep 26, 2017, 9:28:32 AM)
[2017.09.26-17.28.32:514][633]LogPlayLevel: Creating play world package: /Game/ThirdPersonBP/Maps/UEDPIE_0_ThirdPersonExampleMap
[2017.09.26-17.28.32:537][633]LogPlayLevel: PIE: StaticDuplicateObject took: (0.023395s)
[2017.09.26-17.28.32:538][633]LogAIModule: Creating AISystem for world ThirdPersonExampleMap
[2017.09.26-17.28.32:539][633]LogPlayLevel: PIE: World Init took: (0.001163s)
[2017.09.26-17.28.32:539][633]LogPlayLevel: PIE: Created PIE world by copying editor world from /Game/ThirdPersonBP/Maps/ThirdPersonExampleMap.ThirdPersonExampleMap to /Game/ThirdPersonBP/Maps/UEDPIE_0_ThirdPersonExampleMap.ThirdPersonExampleMap (0.024896s)
[2017.09.26-17.28.32:564][633]LogInit: XAudio2 using 'Speakers (Conexant SmartAudio HD)' : 2 channels at 48 kHz using 32 bits per sample (channel mask 0x3)
[2017.09.26-17.28.32:597][633]LogInit: FAudioDevice initialized.
[2017.09.26-17.28.32:639][633]LogLoad: Game class is 'ThirdPersonGameMode_C'
[2017.09.26-17.28.32:644][633]LogWorld: Bringing World /Game/ThirdPersonBP/Maps/UEDPIE_0_ThirdPersonExampleMap.ThirdPersonExampleMap up for play (max tick rate 60) at 2017.09.26-13.28.32
[2017.09.26-17.28.32:644][633]LogWorld: Bringing up level for play took: 0.003394
[2017.09.26-17.28.32:648][633]PIE: Play in editor start time for /Game/ThirdPersonBP/Maps/UEDPIE_0_ThirdPersonExampleMap 0.512
[2017.09.26-17.28.32:649][633]LogBlueprintUserMessages: Late PlayInEditor Detection: Level '/Game/ThirdPersonBP/Maps/ThirdPersonExampleMap.ThirdPersonExampleMap:PersistentLevel' has LevelScriptBlueprint '/Game/ThirdPersonBP/Maps/ThirdPersonExampleMap.ThirdPersonExampleMap:PersistentLevel.ThirdPersonExampleMap' with GeneratedClass '/Game/ThirdPersonBP/Maps/ThirdPersonExampleMap.ThirdPersonExampleMap_C' with ClassGeneratedBy '/Game/ThirdPersonBP/Maps/ThirdPersonExampleMap.ThirdPersonExampleMap:PersistentLevel.ThirdPersonExampleMap'
[2017.09.26-17.28.34:436][736]LogBlueprintUserMessages: Early EndPlayMap Detection: Level '/Game/ThirdPersonBP/Maps/ThirdPersonExampleMap.ThirdPersonExampleMap:PersistentLevel' has LevelScriptBlueprint '/Game/ThirdPersonBP/Maps/ThirdPersonExampleMap.ThirdPersonExampleMap:PersistentLevel.ThirdPersonExampleMap' with GeneratedClass '/Game/ThirdPersonBP/Maps/ThirdPersonExampleMap.ThirdPersonExampleMap_C' with ClassGeneratedBy '/Game/ThirdPersonBP/Maps/ThirdPersonExampleMap.ThirdPersonExampleMap:PersistentLevel.ThirdPersonExampleMap'
[2017.09.26-17.28.34:502][736]LogBlueprintUserMessages: Late EndPlayMap Detection: Level '/Game/ThirdPersonBP/Maps/ThirdPersonExampleMap.ThirdPersonExampleMap:PersistentLevel' has LevelScriptBlueprint '/Game/ThirdPersonBP/Maps/ThirdPersonExampleMap.ThirdPersonExampleMap:PersistentLevel.ThirdPersonExampleMap' with GeneratedClass '/Game/ThirdPersonBP/Maps/ThirdPersonExampleMap.ThirdPersonExampleMap_C' with ClassGeneratedBy '/Game/ThirdPersonBP/Maps/ThirdPersonExampleMap.ThirdPersonExampleMap:PersistentLevel.ThirdPersonExampleMap'
[2017.09.26-17.28.35:618][801]LogEditorViewport: Clicking on Actor (LMB): Collectible_Safe_C (Collectible_Safe)
[2017.09.26-17.28.44:322][322]Cmd: DELETE
[2017.09.26-17.28.44:323][322]Cmd: ACTOR DELETE
[2017.09.26-17.28.44:323][322]LogEditorActor: Deleted Actor: Collectible_Safe_C
[2017.09.26-17.28.44:341][322]LogEditorActor: Deleted 1 Actors (0.018 secs)
[2017.09.26-17.29.21:496][522]LogEditorViewport: Clicking on Actor (LMB): Collectible_Unsafe_C (Collectible_Unsafe)
[2017.09.26-17.29.45:276][931]LogEditorViewport: Clicking on Actor (LMB): StaticMeshActor (Floor2)
[2017.09.26-17.29.55:249][526]LogTemp: Repeating last play command: New Editor Window (PIE)
[2017.09.26-17.29.55:261][526]LogBlueprintUserMessages: Early PlayInEditor Detection: Level '/Game/ThirdPersonBP/Maps/ThirdPersonExampleMap.ThirdPersonExampleMap:PersistentLevel' has LevelScriptBlueprint '/Game/ThirdPersonBP/Maps/ThirdPersonExampleMap.ThirdPersonExampleMap:PersistentLevel.ThirdPersonExampleMap' with GeneratedClass '/Game/ThirdPersonBP/Maps/ThirdPersonExampleMap.ThirdPersonExampleMap_C' with ClassGeneratedBy '/Game/ThirdPersonBP/Maps/ThirdPersonExampleMap.ThirdPersonExampleMap:PersistentLevel.ThirdPersonExampleMap'
[2017.09.26-17.29.55:261][526]LogPlayLevel: PlayLevel: No blueprints needed recompiling
[2017.09.26-17.29.55:261][526]PIE: New page: PIE session: ThirdPersonExampleMap (Sep 26, 2017, 9:29:55 AM)
[2017.09.26-17.29.55:261][526]LogPlayLevel: Creating play world package: /Game/ThirdPersonBP/Maps/UEDPIE_0_ThirdPersonExampleMap
[2017.09.26-17.29.55:285][526]LogPlayLevel: PIE: StaticDuplicateObject took: (0.023424s)
[2017.09.26-17.29.55:286][526]LogAIModule: Creating AISystem for world ThirdPersonExampleMap
[2017.09.26-17.29.55:286][526]LogPlayLevel: PIE: World Init took: (0.001558s)
[2017.09.26-17.29.55:287][526]LogPlayLevel: PIE: Created PIE world by copying editor world from /Game/ThirdPersonBP/Maps/ThirdPersonExampleMap.ThirdPersonExampleMap to /Game/ThirdPersonBP/Maps/UEDPIE_0_ThirdPersonExampleMap.ThirdPersonExampleMap (0.025402s)
[2017.09.26-17.29.55:317][526]LogInit: XAudio2 using 'Speakers (Conexant SmartAudio HD)' : 2 channels at 48 kHz using 32 bits per sample (channel mask 0x3)
[2017.09.26-17.29.55:349][526]LogInit: FAudioDevice initialized.
[2017.09.26-17.29.55:389][526]LogLoad: Game class is 'ThirdPersonGameMode_C'
[2017.09.26-17.29.55:394][526]LogWorld: Bringing World /Game/ThirdPersonBP/Maps/UEDPIE_0_ThirdPersonExampleMap.ThirdPersonExampleMap up for play (max tick rate 60) at 2017.09.26-13.29.55
[2017.09.26-17.29.55:395][526]LogWorld: Bringing up level for play took: 0.003895
[2017.09.26-17.29.55:399][526]PIE: Play in editor start time for /Game/ThirdPersonBP/Maps/UEDPIE_0_ThirdPersonExampleMap -0.737
[2017.09.26-17.29.55:399][526]LogBlueprintUserMessages: Late PlayInEditor Detection: Level '/Game/ThirdPersonBP/Maps/ThirdPersonExampleMap.ThirdPersonExampleMap:PersistentLevel' has LevelScriptBlueprint '/Game/ThirdPersonBP/Maps/ThirdPersonExampleMap.ThirdPersonExampleMap:PersistentLevel.ThirdPersonExampleMap' with GeneratedClass '/Game/ThirdPersonBP/Maps/ThirdPersonExampleMap.ThirdPersonExampleMap_C' with ClassGeneratedBy '/Game/ThirdPersonBP/Maps/ThirdPersonExampleMap.ThirdPersonExampleMap:PersistentLevel.ThirdPersonExampleMap'
[2017.09.26-17.30.44:641][231]LogBlueprintUserMessages: Early EndPlayMap Detection: Level '/Game/ThirdPersonBP/Maps/ThirdPersonExampleMap.ThirdPersonExampleMap:PersistentLevel' has LevelScriptBlueprint '/Game/ThirdPersonBP/Maps/ThirdPersonExampleMap.ThirdPersonExampleMap:PersistentLevel.ThirdPersonExampleMap' with GeneratedClass '/Game/ThirdPersonBP/Maps/ThirdPersonExampleMap.ThirdPersonExampleMap_C' with ClassGeneratedBy '/Game/ThirdPersonBP/Maps/ThirdPersonExampleMap.ThirdPersonExampleMap:PersistentLevel.ThirdPersonExampleMap'
[2017.09.26-17.30.44:717][231]LogBlueprintUserMessages: Late EndPlayMap Detection: Level '/Game/ThirdPersonBP/Maps/ThirdPersonExampleMap.ThirdPersonExampleMap:PersistentLevel' has LevelScriptBlueprint '/Game/ThirdPersonBP/Maps/ThirdPersonExampleMap.ThirdPersonExampleMap:PersistentLevel.ThirdPersonExampleMap' with GeneratedClass '/Game/ThirdPersonBP/Maps/ThirdPersonExampleMap.ThirdPersonExampleMap_C' with ClassGeneratedBy '/Game/ThirdPersonBP/Maps/ThirdPersonExampleMap.ThirdPersonExampleMap:PersistentLevel.ThirdPersonExampleMap'
[2017.09.26-17.31.08:067][376]LogSavePackage: Save=148.18ms
[2017.09.26-17.31.08:067][376]LogSavePackage: Moving '../../../../../../Users/Debadeep Sen/Documents/Unreal Projects/CollectionGame/Saved/ThirdPersonExampleMap_Auto127E1E3BD42416E33609F55847836AF23.tmp' to '../../../../../../Users/Debadeep Sen/Documents/Unreal Projects/CollectionGame/Saved/Autosaves/Game/ThirdPersonBP/Maps/ThirdPersonExampleMap_Auto1.umap'
[2017.09.26-17.31.08:075][376]LogSavePackage: Display: Finished SavePackage ../../../../../../Users/Debadeep Sen/Documents/Unreal Projects/CollectionGame/Saved/Autosaves/Game/ThirdPersonBP/Maps/ThirdPersonExampleMap_Auto1.umap
[2017.09.26-17.31.08:079][376]LogFileHelpers: Editor autosave (incl. sublevels) for '/Game/ThirdPersonBP/Maps/ThirdPersonExampleMap' took 0.238
[2017.09.26-17.31.08:079][376]LogFileHelpers: Editor autosave (incl. sublevels) for all levels took 0.238
[2017.09.26-17.31.08:088][376]OBJ SavePackage: Generating thumbnails for [1] asset(s) in package [/Game/ThirdPersonBP/Blueprints/Collectible_Safe] ([1] browsable assets)...
[2017.09.26-17.31.08:105][376]OBJ SavePackage:     Rendered thumbnail for [Blueprint /Game/ThirdPersonBP/Blueprints/Collectible_Safe.Collectible_Safe]
[2017.09.26-17.31.08:105][376]OBJ SavePackage: Finished generating thumbnails for package [/Game/ThirdPersonBP/Blueprints/Collectible_Safe]
[2017.09.26-17.31.08:157][376]LogSavePackage: Save=33.03ms
[2017.09.26-17.31.08:157][376]LogSavePackage: Moving '../../../../../../Users/Debadeep Sen/Documents/Unreal Projects/CollectionGame/Saved/Collectible_Safe_Auto1D543FC8D4FDB19C5995DF08885D31E76.tmp' to '../../../../../../Users/Debadeep Sen/Documents/Unreal Projects/CollectionGame/Saved/Autosaves/Game/ThirdPersonBP/Blueprints/Collectible_Safe_Auto1.uasset'
[2017.09.26-17.31.08:163][376]LogSavePackage: Display: Finished SavePackage ../../../../../../Users/Debadeep Sen/Documents/Unreal Projects/CollectionGame/Saved/Autosaves/Game/ThirdPersonBP/Blueprints/Collectible_Safe_Auto1.uasset
[2017.09.26-17.31.08:167][376]OBJ SavePackage: Generating thumbnails for [1] asset(s) in package [/Game/ThirdPersonBP/Blueprints/Tubelight] ([1] browsable assets)...
[2017.09.26-17.31.08:182][376]OBJ SavePackage:     Rendered thumbnail for [Blueprint /Game/ThirdPersonBP/Blueprints/Tubelight.Tubelight]
[2017.09.26-17.31.08:182][376]OBJ SavePackage: Finished generating thumbnails for package [/Game/ThirdPersonBP/Blueprints/Tubelight]
[2017.09.26-17.31.08:234][376]LogSavePackage: Save=35.78ms
[2017.09.26-17.31.08:234][376]LogSavePackage: Moving '../../../../../../Users/Debadeep Sen/Documents/Unreal Projects/CollectionGame/Saved/Tubelight_Auto178B6C2CD46E3B04DA7227AB8645D933D.tmp' to '../../../../../../Users/Debadeep Sen/Documents/Unreal Projects/CollectionGame/Saved/Autosaves/Game/ThirdPersonBP/Blueprints/Tubelight_Auto1.uasset'
[2017.09.26-17.31.08:241][376]LogSavePackage: Display: Finished SavePackage ../../../../../../Users/Debadeep Sen/Documents/Unreal Projects/CollectionGame/Saved/Autosaves/Game/ThirdPersonBP/Blueprints/Tubelight_Auto1.uasset
[2017.09.26-17.31.08:241][376]LogFileHelpers: Auto-saving content packages took 0.157
[2017.09.26-17.31.19:857][951]LogSavePackage: Save=18.46ms
[2017.09.26-17.31.19:857][951]LogSavePackage: Moving '../../../../../../Users/Debadeep Sen/Documents/Unreal Projects/CollectionGame/Saved/Collectible_Safe5730E47D44162EAF5F3D91B15A59D3DE.tmp' to '../../../../../../Users/Debadeep Sen/Documents/Unreal Projects/CollectionGame/Content/ThirdPersonBP/Blueprints/Collectible_Safe.uasset'
[2017.09.26-17.31.19:870][951]LogSavePackage: Display: Finished SavePackage ../../../../../../Users/Debadeep Sen/Documents/Unreal Projects/CollectionGame/Content/ThirdPersonBP/Blueprints/Collectible_Safe.uasset
[2017.09.26-17.31.19:918][951]LogSavePackage: Save=25.42ms
[2017.09.26-17.31.19:918][951]LogSavePackage: Moving '../../../../../../Users/Debadeep Sen/Documents/Unreal Projects/CollectionGame/Saved/Tubelight558D802F46830F6230069E8247583603.tmp' to '../../../../../../Users/Debadeep Sen/Documents/Unreal Projects/CollectionGame/Content/ThirdPersonBP/Blueprints/Tubelight.uasset'
[2017.09.26-17.31.19:933][951]LogSavePackage: Display: Finished SavePackage ../../../../../../Users/Debadeep Sen/Documents/Unreal Projects/CollectionGame/Content/ThirdPersonBP/Blueprints/Tubelight.uasset
[2017.09.26-17.31.20:207][951]LogSavePackage: Save=139.72ms
[2017.09.26-17.31.20:207][951]LogSavePackage: Moving '../../../../../../Users/Debadeep Sen/Documents/Unreal Projects/CollectionGame/Saved/ThirdPersonExampleMapA757F9CA4237798C5821F4B477EC9610.tmp' to '../../../../../../Users/Debadeep Sen/Documents/Unreal Projects/CollectionGame/Content/ThirdPersonBP/Maps/ThirdPersonExampleMap.umap'
[2017.09.26-17.31.20:220][951]LogSavePackage: Display: Finished SavePackage ../../../../../../Users/Debadeep Sen/Documents/Unreal Projects/CollectionGame/Content/ThirdPersonBP/Maps/ThirdPersonExampleMap.umap
[2017.09.26-17.31.20:245][951]LogFileHelpers: Saving map 'ThirdPersonExampleMap' took 0.305
